C:\USERS\SEYFULLAH\DOCUMENTS\VISUAL STUDIO 2010\PROJECTS\BULANIK MANTIK ARAC TAKIP\DEBUG\ARABA.OBJ
C:\USERS\SEYFULLAH\DOCUMENTS\VISUAL STUDIO 2010\PROJECTS\BULANIK MANTIK ARAC TAKIP\DEBUG\ARABA2.OBJ
C:\USERS\SEYFULLAH\DOCUMENTS\VISUAL STUDIO 2010\PROJECTS\BULANIK MANTIK ARAC TAKIP\DEBUG\ARAC_GOSTERGE_SIMULASYONU.EXE
C:\USERS\SEYFULLAH\DOCUMENTS\VISUAL STUDIO 2010\PROJECTS\BULANIK MANTIK ARAC TAKIP\DEBUG\ARAC_GOSTERGE_SIMULASYONU.EXE.INTERMEDIATE.MANIFEST
C:\USERS\SEYFULLAH\DOCUMENTS\VISUAL STUDIO 2010\PROJECTS\BULANIK MANTIK ARAC TAKIP\DEBUG\ARAC_GOSTERGE_SIMULASYONU.ILK
C:\USERS\SEYFULLAH\DOCUMENTS\VISUAL STUDIO 2010\PROJECTS\BULANIK MANTIK ARAC TAKIP\DEBUG\ARAC_GOSTERGE_SIMULASYONU.PDB
C:\USERS\SEYFULLAH\DOCUMENTS\VISUAL STUDIO 2010\PROJECTS\BULANIK MANTIK ARAC TAKIP\DEBUG\MAIN.OBJ
C:\USERS\SEYFULLAH\DOCUMENTS\VISUAL STUDIO 2010\PROJECTS\BULANIK MANTIK ARAC TAKIP\DEBUG\VC100.PDB
C:\Users\Seyfullah\Documents\Visual Studio 2010\Projects\Bulanik Mantik Arac Takip\Debug\araba.obj
C:\Users\Seyfullah\Documents\Visual Studio 2010\Projects\Bulanik Mantik Arac Takip\Debug\araba2.obj
C:\Users\Seyfullah\Documents\Visual Studio 2010\Projects\Bulanik Mantik Arac Takip\Debug\Arac_Gosterge_Simulasyonu.exe
C:\Users\Seyfullah\Documents\Visual Studio 2010\Projects\Bulanik Mantik Arac Takip\Debug\Arac_Gosterge_Simulasyonu.exe.intermediate.manifest
C:\Users\Seyfullah\Documents\Visual Studio 2010\Projects\Bulanik Mantik Arac Takip\Debug\Arac_Gosterge_Simulasyonu.ilk
C:\Users\Seyfullah\Documents\Visual Studio 2010\Projects\Bulanik Mantik Arac Takip\Debug\Arac_Gosterge_Simulasyonu.pdb
C:\Users\Seyfullah\Documents\Visual Studio 2010\Projects\Bulanik Mantik Arac Takip\Debug\Arac_Gosterge_Simulasyonu.vcxprojResolveAssemblyReference.cache
C:\Users\Seyfullah\Documents\Visual Studio 2010\Projects\Bulanik Mantik Arac Takip\Debug\Arac_Gosterge_Simulasyonu.write.1.tlog
C:\Users\Seyfullah\Documents\Visual Studio 2010\Projects\Bulanik Mantik Arac Takip\Debug\cl.command.1.tlog
C:\Users\Seyfullah\Documents\Visual Studio 2010\Projects\Bulanik Mantik Arac Takip\Debug\CL.read.1.tlog
C:\Users\Seyfullah\Documents\Visual Studio 2010\Projects\Bulanik Mantik Arac Takip\Debug\CL.write.1.tlog
C:\Users\Seyfullah\Documents\Visual Studio 2010\Projects\Bulanik Mantik Arac Takip\Debug\link.command.1.tlog
C:\Users\Seyfullah\Documents\Visual Studio 2010\Projects\Bulanik Mantik Arac Takip\Debug\link.read.1.tlog
C:\Users\Seyfullah\Documents\Visual Studio 2010\Projects\Bulanik Mantik Arac Takip\Debug\link.write.1.tlog
C:\Users\Seyfullah\Documents\Visual Studio 2010\Projects\Bulanik Mantik Arac Takip\Debug\main.obj
C:\Users\Seyfullah\Documents\Visual Studio 2010\Projects\Bulanik Mantik Arac Takip\Debug\mt.command.1.tlog
C:\Users\Seyfullah\Documents\Visual Studio 2010\Projects\Bulanik Mantik Arac Takip\Debug\mt.read.1.tlog
C:\Users\Seyfullah\Documents\Visual Studio 2010\Projects\Bulanik Mantik Arac Takip\Debug\mt.write.1.tlog
C:\Users\Seyfullah\Documents\Visual Studio 2010\Projects\Bulanik Mantik Arac Takip\Debug\vc100.idb
C:\Users\Seyfullah\Documents\Visual Studio 2010\Projects\Bulanik Mantik Arac Takip\Debug\vc100.pdb
